43 Rio Grande do Sul 0.0102%
50 Mato Grosso do Sul 0.0087%
42 Santa Catarina 0.0086%
22 Piauí 0.0072%
14 Roraima 0.0068%
23 Ceará 0.0067%
52 Goiás 0.0065%
17 Tocantins 0.0064%
16 Amapá 0.0063%
41 Paraná 0.006%
13 Amazonas 0.0059%
28 Sergipe 0.0058%
12 Acre 0.0057%
51 Mato Grosso 0.0056%
31 Minas Gerais 0.0056%
35 So Paulo 0.0051%
25 Paraíba 0.005%
53 Distrito Federal 0.0049%
11 Rondônia 0.0049%
24 Rio Grande do Norte 0.0046%
27 Alagoas 0.0043%
32 Espírito Santo 0.0041%
26 Pernambuco 0.0036%
21 Maranho 0.0035%
29 Bahia 0.0032%
15 Pará 0.0029%
33 Rio de Janeiro 0.0027%
